0000  00        BRK           A:00 X:00 Y:00 F:34 S:1FC [..-B.I..]
0600  E8        INX           A:00 X:01 Y:00 F:20 S:1FF [..-.....]
0601  8A        TXA           A:01 X:01 Y:00 F:20 S:1FF [..-.....]
0602  99 00 02  STA $0200,Y   A:01 X:01 Y:00 F:20 S:1FF [..-.....]
0605  99 00 03  STA $0300,Y   A:01 X:01 Y:00 F:20 S:1FF [..-.....]
0608  99 00 04  STA $0400,Y   A:01 X:01 Y:00 F:20 S:1FF [..-.....]
060B  99 00 05  STA $0500,Y   A:01 X:01 Y:00 F:20 S:1FF [..-.....]
060E  C8        INY           A:01 X:01 Y:01 F:20 S:1FF [..-.....]
060F  98        TYA           A:01 X:01 Y:01 F:20 S:1FF [..-.....]
0610  C5 10     CMP $10       A:01 X:01 Y:01 F:21 S:1FF [..-....C]
0612  D0 04     BNE $04       A:01 X:01 Y:01 F:21 S:1FF [..-....C]
0618  C8        INY           A:01 X:01 Y:02 F:21 S:1FF [..-....C]
0619  C8        INY           A:01 X:01 Y:03 F:21 S:1FF [..-....C]
061A  C8        INY           A:01 X:01 Y:04 F:21 S:1FF [..-....C]
061B  C8        INY           A:01 X:01 Y:05 F:21 S:1FF [..-....C]
061C  4C 00 06  JMP $0600     A:01 X:01 Y:05 F:21 S:1FF [..-....C]
0600  E8        INX           A:01 X:02 Y:05 F:21 S:1FF [..-....C]
0601  8A        TXA           A:02 X:02 Y:05 F:21 S:1FF [..-....C]
0602  99 00 02  STA $0200,Y   A:02 X:02 Y:05 F:21 S:1FF [..-....C]
0605  99 00 03  STA $0300,Y   A:02 X:02 Y:05 F:21 S:1FF [..-....C]
0608  99 00 04  STA $0400,Y   A:02 X:02 Y:05 F:21 S:1FF [..-....C]
060B  99 00 05  STA $0500,Y   A:02 X:02 Y:05 F:21 S:1FF [..-....C]
060E  C8        INY           A:02 X:02 Y:06 F:21 S:1FF [..-....C]
060F  98        TYA           A:06 X:02 Y:06 F:21 S:1FF [..-....C]
0610  C5 10     CMP $10       A:06 X:02 Y:06 F:21 S:1FF [..-....C]
0612  D0 04     BNE $04       A:06 X:02 Y:06 F:21 S:1FF [..-....C]
0618  C8        INY           A:06 X:02 Y:07 F:21 S:1FF [..-....C]
0619  C8        INY           A:06 X:02 Y:08 F:21 S:1FF [..-....C]
061A  C8        INY           A:06 X:02 Y:09 F:21 S:1FF [..-....C]
061B  C8        INY           A:06 X:02 Y:0A F:21 S:1FF [..-....C]
061C  4C 00 06  JMP $0600     A:06 X:02 Y:0A F:21 S:1FF [..-....C]
0600  E8        INX           A:06 X:03 Y:0A F:21 S:1FF [..-....C]
0601  8A        TXA           A:03 X:03 Y:0A F:21 S:1FF [..-....C]
0602  99 00 02  STA $0200,Y   A:03 X:03 Y:0A F:21 S:1FF [..-....C]
0605  99 00 03  STA $0300,Y   A:03 X:03 Y:0A F:21 S:1FF [..-....C]
0608  99 00 04  STA $0400,Y   A:03 X:03 Y:0A F:21 S:1FF [..-....C]
060B  99 00 05  STA $0500,Y   A:03 X:03 Y:0A F:21 S:1FF [..-....C]
060E  C8        INY           A:03 X:03 Y:0B F:21 S:1FF [..-....C]
060F  98        TYA           A:0B X:03 Y:0B F:21 S:1FF [..-....C]
0610  C5 10     CMP $10       A:0B X:03 Y:0B F:21 S:1FF [..-....C]
0612  D0 04     BNE $04       A:0B X:03 Y:0B F:21 S:1FF [..-....C]
0618  C8        INY           A:0B X:03 Y:0C F:21 S:1FF [..-....C]
0619  C8        INY           A:0B X:03 Y:0D F:21 S:1FF [..-....C]
061A  C8        INY           A:0B X:03 Y:0E F:21 S:1FF [..-....C]
061B  C8        INY           A:0B X:03 Y:0F F:21 S:1FF [..-....C]
061C  4C 00 06  JMP $0600     A:0B X:03 Y:0F F:21 S:1FF [..-....C]
0600  E8        INX           A:0B X:04 Y:0F F:21 S:1FF [..-....C]
0601  8A        TXA           A:04 X:04 Y:0F F:21 S:1FF [..-....C]
0602  99 00 02  STA $0200,Y   A:04 X:04 Y:0F F:21 S:1FF [..-....C]
0605  99 00 03  STA $0300,Y   A:04 X:04 Y:0F F:21 S:1FF [..-....C]
0608  99 00 04  STA $0400,Y   A:04 X:04 Y:0F F:21 S:1FF [..-....C]
060B  99 00 05  STA $0500,Y   A:04 X:04 Y:0F F:21 S:1FF [..-....C]
060E  C8        INY           A:04 X:04 Y:10 F:21 S:1FF [..-....C]
060F  98        TYA           A:10 X:04 Y:10 F:21 S:1FF [..-....C]
0610  C5 10     CMP $10       A:10 X:04 Y:10 F:21 S:1FF [..-....C]
0612  D0 04     BNE $04       A:10 X:04 Y:10 F:21 S:1FF [..-....C]
0618  C8        INY           A:10 X:04 Y:11 F:21 S:1FF [..-....C]
0619  C8        INY           A:10 X:04 Y:12 F:21 S:1FF [..-....C]
061A  C8        INY           A:10 X:04 Y:13 F:21 S:1FF [..-....C]
061B  C8        INY           A:10 X:04 Y:14 F:21 S:1FF [..-....C]
061C  4C 00 06  JMP $0600     A:10 X:04 Y:14 F:21 S:1FF [..-....C]
0600  E8        INX           A:10 X:05 Y:14 F:21 S:1FF [..-....C]
0601  8A        TXA           A:05 X:05 Y:14 F:21 S:1FF [..-....C]
0602  99 00 02  STA $0200,Y   A:05 X:05 Y:14 F:21 S:1FF [..-....C]
0605  99 00 03  STA $0300,Y   A:05 X:05 Y:14 F:21 S:1FF [..-....C]
0608  99 00 04  STA $0400,Y   A:05 X:05 Y:14 F:21 S:1FF [..-....C]
060B  99 00 05  STA $0500,Y   A:05 X:05 Y:14 F:21 S:1FF [..-....C]
060E  C8        INY           A:05 X:05 Y:15 F:21 S:1FF [..-....C]
060F  98        TYA           A:15 X:05 Y:15 F:21 S:1FF [..-....C]
0610  C5 10     CMP $10       A:15 X:05 Y:15 F:21 S:1FF [..-....C]
0612  D0 04     BNE $04       A:15 X:05 Y:15 F:21 S:1FF [..-....C]
0618  C8        INY           A:15 X:05 Y:16 F:21 S:1FF [..-....C]
0619  C8        INY           A:15 X:05 Y:17 F:21 S:1FF [..-....C]
061A  C8        INY           A:15 X:05 Y:18 F:21 S:1FF [..-....C]
061B  C8        INY           A:15 X:05 Y:19 F:21 S:1FF [..-....C]
061C  4C 00 06  JMP $0600     A:15 X:05 Y:19 F:21 S:1FF [..-....C]
0600  E8        INX           A:15 X:06 Y:19 F:21 S:1FF [..-....C]
0601  8A        TXA           A:06 X:06 Y:19 F:21 S:1FF [..-....C]
0602  99 00 02  STA $0200,Y   A:06 X:06 Y:19 F:21 S:1FF [..-....C]
0605  99 00 03  STA $0300,Y   A:06 X:06 Y:19 F:21 S:1FF [..-....C]
0608  99 00 04  STA $0400,Y   A:06 X:06 Y:19 F:21 S:1FF [..-....C]
060B  99 00 05  STA $0500,Y   A:06 X:06 Y:19 F:21 S:1FF [..-....C]
060E  C8        INY           A:06 X:06 Y:1A F:21 S:1FF [..-....C]
060F  98        TYA           A:1A X:06 Y:1A F:21 S:1FF [..-....C]
0610  C5 10     CMP $10       A:1A X:06 Y:1A F:21 S:1FF [..-....C]
0612  D0 04     BNE $04       A:1A X:06 Y:1A F:21 S:1FF [..-....C]
0618  C8        INY           A:1A X:06 Y:1B F:21 S:1FF [..-....C]
0619  C8        INY           A:1A X:06 Y:1C F:21 S:1FF [..-....C]
061A  C8        INY           A:1A X:06 Y:1D F:21 S:1FF [..-....C]
061B  C8        INY           A:1A X:06 Y:1E F:21 S:1FF [..-....C]
061C  4C 00 06  JMP $0600     A:1A X:06 Y:1E F:21 S:1FF [..-....C]
0600  E8        INX           A:1A X:07 Y:1E F:21 S:1FF [..-....C]
0601  8A        TXA           A:07 X:07 Y:1E F:21 S:1FF [..-....C]
0602  99 00 02  STA $0200,Y   A:07 X:07 Y:1E F:21 S:1FF [..-....C]
0605  99 00 03  STA $0300,Y   A:07 X:07 Y:1E F:21 S:1FF [..-....C]
0608  99 00 04  STA $0400,Y   A:07 X:07 Y:1E F:21 S:1FF [..-....C]
060B  99 00 05  STA $0500,Y   A:07 X:07 Y:1E F:21 S:1FF [..-....C]
060E  C8        INY           A:07 X:07 Y:1F F:21 S:1FF [..-....C]
060F  98        TYA           A:1F X:07 Y:1F F:21 S:1FF [..-....C]
0610  C5 10     CMP $10       A:1F X:07 Y:1F F:21 S:1FF [..-....C]
0612  D0 04     BNE $04       A:1F X:07 Y:1F F:21 S:1FF [..-....C]
0618  C8        INY           A:1F X:07 Y:20 F:21 S:1FF [..-....C]
0619  C8        INY           A:1F X:07 Y:21 F:21 S:1FF [..-....C]
061A  C8        INY           A:1F X:07 Y:22 F:21 S:1FF [..-....C]
061B  C8        INY           A:1F X:07 Y:23 F:21 S:1FF [..-....C]
061C  4C 00 06  JMP $0600     A:1F X:07 Y:23 F:21 S:1FF [..-....C]
0600  E8        INX           A:1F X:08 Y:23 F:21 S:1FF [..-....C]
0601  8A        TXA           A:08 X:08 Y:23 F:21 S:1FF [..-....C]
0602  99 00 02  STA $0200,Y   A:08 X:08 Y:23 F:21 S:1FF [..-....C]
0605  99 00 03  STA $0300,Y   A:08 X:08 Y:23 F:21 S:1FF [..-....C]
0608  99 00 04  STA $0400,Y   A:08 X:08 Y:23 F:21 S:1FF [..-....C]
060B  99 00 05  STA $0500,Y   A:08 X:08 Y:23 F:21 S:1FF [..-....C]
060E  C8        INY           A:08 X:08 Y:24 F:21 S:1FF [..-....C]
060F  98        TYA           A:24 X:08 Y:24 F:21 S:1FF [..-....C]
0610  C5 10     CMP $10       A:24 X:08 Y:24 F:21 S:1FF [..-....C]
0612  D0 04     BNE $04       A:24 X:08 Y:24 F:21 S:1FF [..-....C]
0618  C8        INY           A:24 X:08 Y:25 F:21 S:1FF [..-....C]
0619  C8        INY           A:24 X:08 Y:26 F:21 S:1FF [..-....C]
061A  C8        INY           A:24 X:08 Y:27 F:21 S:1FF [..-....C]
061B  C8        INY           A:24 X:08 Y:28 F:21 S:1FF [..-....C]
061C  4C 00 06  JMP $0600     A:24 X:08 Y:28 F:21 S:1FF [..-....C]
0600  E8        INX           A:24 X:09 Y:28 F:21 S:1FF [..-....C]
0601  8A        TXA           A:09 X:09 Y:28 F:21 S:1FF [..-....C]
0602  99 00 02  STA $0200,Y   A:09 X:09 Y:28 F:21 S:1FF [..-....C]
0605  99 00 03  STA $0300,Y   A:09 X:09 Y:28 F:21 S:1FF [..-....C]
0608  99 00 04  STA $0400,Y   A:09 X:09 Y:28 F:21 S:1FF [..-....C]
060B  99 00 05  STA $0500,Y   A:09 X:09 Y:28 F:21 S:1FF [..-....C]
060E  C8        INY           A:09 X:09 Y:29 F:21 S:1FF [..-....C]
060F  98        TYA           A:29 X:09 Y:29 F:21 S:1FF [..-....C]
0610  C5 10     CMP $10       A:29 X:09 Y:29 F:21 S:1FF [..-....C]
0612  D0 04     BNE $04       A:29 X:09 Y:29 F:21 S:1FF [..-....C]
0618  C8        INY           A:29 X:09 Y:2A F:21 S:1FF [..-....C]
0619  C8        INY           A:29 X:09 Y:2B F:21 S:1FF [..-....C]
061A  C8        INY           A:29 X:09 Y:2C F:21 S:1FF [..-....C]
061B  C8        INY           A:29 X:09 Y:2D F:21 S:1FF [..-....C]
061C  4C 00 06  JMP $0600     A:29 X:09 Y:2D F:21 S:1FF [..-....C]
0600  E8        INX           A:29 X:0A Y:2D F:21 S:1FF [..-....C]
0601  8A        TXA           A:0A X:0A Y:2D F:21 S:1FF [..-....C]
0602  99 00 02  STA $0200,Y   A:0A X:0A Y:2D F:21 S:1FF [..-....C]
0605  99 00 03  STA $0300,Y   A:0A X:0A Y:2D F:21 S:1FF [..-....C]
0608  99 00 04  STA $0400,Y   A:0A X:0A Y:2D F:21 S:1FF [..-....C]
060B  99 00 05  STA $0500,Y   A:0A X:0A Y:2D F:21 S:1FF [..-....C]
060E  C8        INY           A:0A X:0A Y:2E F:21 S:1FF [..-....C]
060F  98        TYA           A:2E X:0A Y:2E F:21 S:1FF [..-....C]
0610  C5 10     CMP $10       A:2E X:0A Y:2E F:21 S:1FF [..-....C]
0612  D0 04     BNE $04       A:2E X:0A Y:2E F:21 S:1FF [..-....C]
0618  C8        INY           A:2E X:0A Y:2F F:21 S:1FF [..-....C]
0619  C8        INY           A:2E X:0A Y:30 F:21 S:1FF [..-....C]
061A  C8        INY           A:2E X:0A Y:31 F:21 S:1FF [..-....C]
061B  C8        INY           A:2E X:0A Y:32 F:21 S:1FF [..-....C]
061C  4C 00 06  JMP $0600     A:2E X:0A Y:32 F:21 S:1FF [..-....C]
0600  E8        INX           A:2E X:0B Y:32 F:21 S:1FF [..-....C]
0601  8A        TXA           A:0B X:0B Y:32 F:21 S:1FF [..-....C]
0602  99 00 02  STA $0200,Y   A:0B X:0B Y:32 F:21 S:1FF [..-....C]
0605  99 00 03  STA $0300,Y   A:0B X:0B Y:32 F:21 S:1FF [..-....C]
0608  99 00 04  STA $0400,Y   A:0B X:0B Y:32 F:21 S:1FF [..-....C]
060B  99 00 05  STA $0500,Y   A:0B X:0B Y:32 F:21 S:1FF [..-....C]
060E  C8        INY           A:0B X:0B Y:33 F:21 S:1FF [..-....C]
060F  98        TYA           A:33 X:0B Y:33 F:21 S:1FF [..-....C]
0610  C5 10     CMP $10       A:33 X:0B Y:33 F:21 S:1FF [..-....C]
0612  D0 04     BNE $04       A:33 X:0B Y:33 F:21 S:1FF [..-....C]
0618  C8        INY           A:33 X:0B Y:34 F:21 S:1FF [..-....C]
0619  C8        INY           A:33 X:0B Y:35 F:21 S:1FF [..-....C]
061A  C8        INY           A:33 X:0B Y:36 F:21 S:1FF [..-....C]
061B  C8        INY           A:33 X:0B Y:37 F:21 S:1FF [..-....C]
061C  4C 00 06  JMP $0600     A:33 X:0B Y:37 F:21 S:1FF [..-....C]
0600  E8        INX           A:33 X:0C Y:37 F:21 S:1FF [..-....C]
0601  8A        TXA           A:0C X:0C Y:37 F:21 S:1FF [..-....C]
0602  99 00 02  STA $0200,Y   A:0C X:0C Y:37 F:21 S:1FF [..-....C]
0605  99 00 03  STA $0300,Y   A:0C X:0C Y:37 F:21 S:1FF [..-....C]
0608  99 00 04  STA $0400,Y   A:0C X:0C Y:37 F:21 S:1FF [..-....C]
060B  99 00 05  STA $0500,Y   A:0C X:0C Y:37 F:21 S:1FF [..-....C]
060E  C8        INY           A:0C X:0C Y:38 F:21 S:1FF [..-....C]
060F  98        TYA           A:38 X:0C Y:38 F:21 S:1FF [..-....C]
0610  C5 10     CMP $10       A:38 X:0C Y:38 F:21 S:1FF [..-....C]
0612  D0 04     BNE $04       A:38 X:0C Y:38 F:21 S:1FF [..-....C]
0618  C8        INY           A:38 X:0C Y:39 F:21 S:1FF [..-....C]
0619  C8        INY           A:38 X:0C Y:3A F:21 S:1FF [..-....C]
061A  C8        INY           A:38 X:0C Y:3B F:21 S:1FF [..-....C]
061B  C8        INY           A:38 X:0C Y:3C F:21 S:1FF [..-....C]
061C  4C 00 06  JMP $0600     A:38 X:0C Y:3C F:21 S:1FF [..-....C]
0600  E8        INX           A:38 X:0D Y:3C F:21 S:1FF [..-....C]
0601  8A        TXA           A:0D X:0D Y:3C F:21 S:1FF [..-....C]
0602  99 00 02  STA $0200,Y   A:0D X:0D Y:3C F:21 S:1FF [..-....C]
0605  99 00 03  STA $0300,Y   A:0D X:0D Y:3C F:21 S:1FF [..-....C]
0608  99 00 04  STA $0400,Y   A:0D X:0D Y:3C F:21 S:1FF [..-....C]
060B  99 00 05  STA $0500,Y   A:0D X:0D Y:3C F:21 S:1FF [..-....C]
060E  C8        INY           A:0D X:0D Y:3D F:21 S:1FF [..-....C]
060F  98        TYA           A:3D X:0D Y:3D F:21 S:1FF [..-....C]
0610  C5 10     CMP $10       A:3D X:0D Y:3D F:21 S:1FF [..-....C]
0612  D0 04     BNE $04       A:3D X:0D Y:3D F:21 S:1FF [..-....C]
0618  C8        INY           A:3D X:0D Y:3E F:21 S:1FF [..-....C]
0619  C8        INY           A:3D X:0D Y:3F F:21 S:1FF [..-....C]
061A  C8        INY           A:3D X:0D Y:40 F:21 S:1FF [..-....C]
061B  C8        INY           A:3D X:0D Y:41 F:21 S:1FF [..-....C]
061C  4C 00 06  JMP $0600     A:3D X:0D Y:41 F:21 S:1FF [..-....C]
0600  E8        INX           A:3D X:0E Y:41 F:21 S:1FF [..-....C]
0601  8A        TXA           A:0E X:0E Y:41 F:21 S:1FF [..-....C]
0602  99 00 02  STA $0200,Y   A:0E X:0E Y:41 F:21 S:1FF [..-....C]
0605  99 00 03  STA $0300,Y   A:0E X:0E Y:41 F:21 S:1FF [..-....C]
0608  99 00 04  STA $0400,Y   A:0E X:0E Y:41 F:21 S:1FF [..-....C]
060B  99 00 05  STA $0500,Y   A:0E X:0E Y:41 F:21 S:1FF [..-....C]
060E  C8        INY           A:0E X:0E Y:42 F:21 S:1FF [..-....C]
060F  98        TYA           A:42 X:0E Y:42 F:21 S:1FF [..-....C]
0610  C5 10     CMP $10       A:42 X:0E Y:42 F:21 S:1FF [..-....C]
0612  D0 04     BNE $04       A:42 X:0E Y:42 F:21 S:1FF [..-....C]
0618  C8        INY           A:42 X:0E Y:43 F:21 S:1FF [..-....C]
0619  C8        INY           A:42 X:0E Y:44 F:21 S:1FF [..-....C]
061A  C8        INY           A:42 X:0E Y:45 F:21 S:1FF [..-....C]
061B  C8        INY           A:42 X:0E Y:46 F:21 S:1FF [..-....C]
061C  4C 00 06  JMP $0600     A:42 X:0E Y:46 F:21 S:1FF [..-....C]
0600  E8        INX           A:42 X:0F Y:46 F:21 S:1FF [..-....C]
0601  8A        TXA           A:0F X:0F Y:46 F:21 S:1FF [..-....C]
0602  99 00 02  STA $0200,Y   A:0F X:0F Y:46 F:21 S:1FF [..-....C]
0605  99 00 03  STA $0300,Y   A:0F X:0F Y:46 F:21 S:1FF [..-....C]
0608  99 00 04  STA $0400,Y   A:0F X:0F Y:46 F:21 S:1FF [..-....C]
060B  99 00 05  STA $0500,Y   A:0F X:0F Y:46 F:21 S:1FF [..-....C]
060E  C8        INY           A:0F X:0F Y:47 F:21 S:1FF [..-....C]
060F  98        TYA           A:47 X:0F Y:47 F:21 S:1FF [..-....C]
0610  C5 10     CMP $10       A:47 X:0F Y:47 F:21 S:1FF [..-....C]
0612  D0 04     BNE $04       A:47 X:0F Y:47 F:21 S:1FF [..-....C]
0618  C8        INY           A:47 X:0F Y:48 F:21 S:1FF [..-....C]
0619  C8        INY           A:47 X:0F Y:49 F:21 S:1FF [..-....C]
061A  C8        INY           A:47 X:0F Y:4A F:21 S:1FF [..-....C]
061B  C8        INY           A:47 X:0F Y:4B F:21 S:1FF [..-....C]
061C  4C 00 06  JMP $0600     A:47 X:0F Y:4B F:21 S:1FF [..-....C]
0600  E8        INX           A:47 X:10 Y:4B F:21 S:1FF [..-....C]
0601  8A        TXA           A:10 X:10 Y:4B F:21 S:1FF [..-....C]
0602  99 00 02  STA $0200,Y   A:10 X:10 Y:4B F:21 S:1FF [..-....C]
0605  99 00 03  STA $0300,Y   A:10 X:10 Y:4B F:21 S:1FF [..-....C]
0608  99 00 04  STA $0400,Y   A:10 X:10 Y:4B F:21 S:1FF [..-....C]
060B  99 00 05  STA $0500,Y   A:10 X:10 Y:4B F:21 S:1FF [..-....C]
060E  C8        INY           A:10 X:10 Y:4C F:21 S:1FF [..-....C]
060F  98        TYA           A:4C X:10 Y:4C F:21 S:1FF [..-....C]
0610  C5 10     CMP $10       A:4C X:10 Y:4C F:21 S:1FF [..-....C]
0612  D0 04     BNE $04       A:4C X:10 Y:4C F:21 S:1FF [..-....C]
0618  C8        INY           A:4C X:10 Y:4D F:21 S:1FF [..-....C]
0619  C8        INY           A:4C X:10 Y:4E F:21 S:1FF [..-....C]
061A  C8        INY           A:4C X:10 Y:4F F:21 S:1FF [..-....C]
061B  C8        INY           A:4C X:10 Y:50 F:21 S:1FF [..-....C]
061C  4C 00 06  JMP $0600     A:4C X:10 Y:50 F:21 S:1FF [..-....C]
0600  E8        INX           A:4C X:11 Y:50 F:21 S:1FF [..-....C]
0601  8A        TXA           A:11 X:11 Y:50 F:21 S:1FF [..-....C]
0602  99 00 02  STA $0200,Y   A:11 X:11 Y:50 F:21 S:1FF [..-....C]
0605  99 00 03  STA $0300,Y   A:11 X:11 Y:50 F:21 S:1FF [..-....C]
0608  99 00 04  STA $0400,Y   A:11 X:11 Y:50 F:21 S:1FF [..-....C]
060B  99 00 05  STA $0500,Y   A:11 X:11 Y:50 F:21 S:1FF [..-....C]
060E  C8        INY           A:11 X:11 Y:51 F:21 S:1FF [..-....C]
060F  98        TYA           A:51 X:11 Y:51 F:21 S:1FF [..-....C]
0610  C5 10     CMP $10       A:51 X:11 Y:51 F:21 S:1FF [..-....C]
0612  D0 04     BNE $04       A:51 X:11 Y:51 F:21 S:1FF [..-....C]
0618  C8        INY           A:51 X:11 Y:52 F:21 S:1FF [..-....C]
0619  C8        INY           A:51 X:11 Y:53 F:21 S:1FF [..-....C]
061A  C8        INY           A:51 X:11 Y:54 F:21 S:1FF [..-....C]
061B  C8        INY           A:51 X:11 Y:55 F:21 S:1FF [..-....C]
061C  4C 00 06  JMP $0600     A:51 X:11 Y:55 F:21 S:1FF [..-....C]
0600  E8        INX           A:51 X:12 Y:55 F:21 S:1FF [..-....C]
0601  8A        TXA           A:12 X:12 Y:55 F:21 S:1FF [..-....C]
0602  99 00 02  STA $0200,Y   A:12 X:12 Y:55 F:21 S:1FF [..-....C]
0605  99 00 03  STA $0300,Y   A:12 X:12 Y:55 F:21 S:1FF [..-....C]
0608  99 00 04  STA $0400,Y   A:12 X:12 Y:55 F:21 S:1FF [..-....C]
060B  99 00 05  STA $0500,Y   A:12 X:12 Y:55 F:21 S:1FF [..-....C]
060E  C8        INY           A:12 X:12 Y:56 F:21 S:1FF [..-....C]
060F  98        TYA           A:56 X:12 Y:56 F:21 S:1FF [..-....C]
0610  C5 10     CMP $10       A:56 X:12 Y:56 F:21 S:1FF [..-....C]
0612  D0 04     BNE $04       A:56 X:12 Y:56 F:21 S:1FF [..-....C]
0618  C8        INY           A:56 X:12 Y:57 F:21 S:1FF [..-....C]
0619  C8        INY           A:56 X:12 Y:58 F:21 S:1FF [..-....C]
061A  C8        INY           A:56 X:12 Y:59 F:21 S:1FF [..-....C]
061B  C8        INY           A:56 X:12 Y:5A F:21 S:1FF [..-....C]
061C  4C 00 06  JMP $0600     A:56 X:12 Y:5A F:21 S:1FF [..-....C]
0600  E8        INX           A:56 X:13 Y:5A F:21 S:1FF [..-....C]
0601  8A        TXA           A:13 X:13 Y:5A F:21 S:1FF [..-....C]
0602  99 00 02  STA $0200,Y   A:13 X:13 Y:5A F:21 S:1FF [..-....C]
0605  99 00 03  STA $0300,Y   A:13 X:13 Y:5A F:21 S:1FF [..-....C]
0608  99 00 04  STA $0400,Y   A:13 X:13 Y:5A F:21 S:1FF [..-....C]
060B  99 00 05  STA $0500,Y   A:13 X:13 Y:5A F:21 S:1FF [..-....C]
060E  C8        INY           A:13 X:13 Y:5B F:21 S:1FF [..-....C]
060F  98        TYA           A:5B X:13 Y:5B F:21 S:1FF [..-....C]
0610  C5 10     CMP $10       A:5B X:13 Y:5B F:21 S:1FF [..-....C]
0612  D0 04     BNE $04       A:5B X:13 Y:5B F:21 S:1FF [..-....C]
0618  C8        INY           A:5B X:13 Y:5C F:21 S:1FF [..-....C]
0619  C8        INY           A:5B X:13 Y:5D F:21 S:1FF [..-....C]
061A  C8        INY           A:5B X:13 Y:5E F:21 S:1FF [..-....C]
061B  C8        INY           A:5B X:13 Y:5F F:21 S:1FF [..-....C]
061C  4C 00 06  JMP $0600     A:5B X:13 Y:5F F:21 S:1FF [..-....C]
0600  E8        INX           A:5B X:14 Y:5F F:21 S:1FF [..-....C]
0601  8A        TXA           A:14 X:14 Y:5F F:21 S:1FF [..-....C]
0602  99 00 02  STA $0200,Y   A:14 X:14 Y:5F F:21 S:1FF [..-....C]
0605  99 00 03  STA $0300,Y   A:14 X:14 Y:5F F:21 S:1FF [..-....C]
0608  99 00 04  STA $0400,Y   A:14 X:14 Y:5F F:21 S:1FF [..-....C]
060B  99 00 05  STA $0500,Y   A:14 X:14 Y:5F F:21 S:1FF [..-....C]
060E  C8        INY           A:14 X:14 Y:60 F:21 S:1FF [..-....C]
060F  98        TYA           A:60 X:14 Y:60 F:21 S:1FF [..-....C]
0610  C5 10     CMP $10       A:60 X:14 Y:60 F:21 S:1FF [..-....C]
0612  D0 04     BNE $04       A:60 X:14 Y:60 F:21 S:1FF [..-....C]
0618  C8        INY           A:60 X:14 Y:61 F:21 S:1FF [..-....C]
0619  C8        INY           A:60 X:14 Y:62 F:21 S:1FF [..-....C]
061A  C8        INY           A:60 X:14 Y:63 F:21 S:1FF [..-....C]
061B  C8        INY           A:60 X:14 Y:64 F:21 S:1FF [..-....C]
061C  4C 00 06  JMP $0600     A:60 X:14 Y:64 F:21 S:1FF [..-....C]
0600  E8        INX           A:60 X:15 Y:64 F:21 S:1FF [..-....C]
0601  8A        TXA           A:15 X:15 Y:64 F:21 S:1FF [..-....C]
0602  99 00 02  STA $0200,Y   A:15 X:15 Y:64 F:21 S:1FF [..-....C]
0605  99 00 03  STA $0300,Y   A:15 X:15 Y:64 F:21 S:1FF [..-....C]
0608  99 00 04  STA $0400,Y   A:15 X:15 Y:64 F:21 S:1FF [..-....C]
060B  99 00 05  STA $0500,Y   A:15 X:15 Y:64 F:21 S:1FF [..-....C]
060E  C8        INY           A:15 X:15 Y:65 F:21 S:1FF [..-....C]
